{"C:/projects/go-react-auth/client/src/App.tsx": {"path":"C:/projects/go-react-auth/client/src/App.tsx","statementMap":{},"fnMap":{},"branchMap":{},"s":{},"f":{},"b":{}}
,"C:/projects/go-react-auth/client/src/main.tsx": {"path":"C:/projects/go-react-auth/client/src/main.tsx","statementMap":{},"fnMap":{},"branchMap":{},"s":{},"f":{},"b":{}}
,"C:/projects/go-react-auth/client/src/components/Alert.stories.tsx": {"path":"C:/projects/go-react-auth/client/src/components/Alert.stories.tsx","statementMap":{},"fnMap":{},"branchMap":{},"s":{},"f":{},"b":{}}
,"C:/projects/go-react-auth/client/src/components/Alert.tsx": {"path":"C:/projects/go-react-auth/client/src/components/Alert.tsx","statementMap":{"0":{"start":{"line":11,"column":26},"end":{"line":22,"column":null}},"1":{"start":{"line":12,"column":2},"end":{"line":21,"column":null}},"2":{"start":{"line":14,"column":6},"end":{"line":14,"column":null}},"3":{"start":{"line":16,"column":6},"end":{"line":16,"column":null}},"4":{"start":{"line":18,"column":6},"end":{"line":18,"column":null}},"5":{"start":{"line":20,"column":6},"end":{"line":20,"column":null}},"6":{"start":{"line":24,"column":21},"end":{"line":43,"column":null}},"7":{"start":{"line":27,"column":2},"end":{"line":40,"column":null}},"8":{"start":{"line":29,"column":6},"end":{"line":29,"column":null}},"9":{"start":{"line":30,"column":6},"end":{"line":30,"column":null}},"10":{"start":{"line":32,"column":6},"end":{"line":32,"column":null}},"11":{"start":{"line":33,"column":6},"end":{"line":33,"column":null}},"12":{"start":{"line":35,"column":6},"end":{"line":35,"column":null}},"13":{"start":{"line":36,"column":6},"end":{"line":36,"column":null}},"14":{"start":{"line":38,"column":6},"end":{"line":38,"column":null}},"15":{"start":{"line":39,"column":6},"end":{"line":39,"column":null}},"16":{"start":{"line":45,"column":14},"end":{"line":59,"column":null}},"17":{"start":{"line":45,"column":6},"end":{"line":45,"column":14}}},"fnMap":{"0":{"name":"(anonymous_0)","decl":{"start":{"line":11,"column":26},"end":{"line":11,"column":27}},"loc":{"start":{"line":11,"column":27},"end":{"line":22,"column":null}}},"1":{"name":"(anonymous_1)","decl":{"start":{"line":24,"column":21},"end":{"line":24,"column":22}},"loc":{"start":{"line":24,"column":22},"end":{"line":43,"column":null}}},"2":{"name":"(anonymous_2)","decl":{"start":{"line":45,"column":14},"end":{"line":45,"column":15}},"loc":{"start":{"line":45,"column":49},"end":{"line":59,"column":null}}}},"branchMap":{"0":{"loc":{"start":{"line":12,"column":2},"end":{"line":21,"column":null}},"type":"switch","locations":[{"start":{"line":13,"column":4},"end":{"line":14,"column":null}},{"start":{"line":15,"column":4},"end":{"line":16,"column":null}},{"start":{"line":17,"column":4},"end":{"line":18,"column":null}},{"start":{"line":19,"column":4},"end":{"line":20,"column":null}}]},"1":{"loc":{"start":{"line":27,"column":2},"end":{"line":40,"column":null}},"type":"switch","locations":[{"start":{"line":28,"column":4},"end":{"line":30,"column":null}},{"start":{"line":31,"column":4},"end":{"line":33,"column":null}},{"start":{"line":34,"column":4},"end":{"line":36,"column":null}},{"start":{"line":37,"column":4},"end":{"line":39,"column":null}}]}},"s":{"0":5,"1":14,"2":4,"3":3,"4":2,"5":5,"6":5,"7":14,"8":4,"9":4,"10":3,"11":3,"12":2,"13":2,"14":5,"15":5,"16":5,"17":5},"f":{"0":14,"1":14,"2":14},"b":{"0":[4,3,2,5],"1":[4,3,2,5]}}
,"C:/projects/go-react-auth/client/src/components/Button.stories.tsx": {"path":"C:/projects/go-react-auth/client/src/components/Button.stories.tsx","statementMap":{},"fnMap":{},"branchMap":{},"s":{},"f":{},"b":{}}
,"C:/projects/go-react-auth/client/src/components/Button.tsx": {"path":"C:/projects/go-react-auth/client/src/components/Button.tsx","statementMap":{},"fnMap":{},"branchMap":{},"s":{},"f":{},"b":{}}
,"C:/projects/go-react-auth/client/src/components/InputText.stories.tsx": {"path":"C:/projects/go-react-auth/client/src/components/InputText.stories.tsx","statementMap":{},"fnMap":{},"branchMap":{},"s":{},"f":{},"b":{}}
,"C:/projects/go-react-auth/client/src/components/InputText.tsx": {"path":"C:/projects/go-react-auth/client/src/components/InputText.tsx","statementMap":{},"fnMap":{},"branchMap":{},"s":{},"f":{},"b":{}}
,"C:/projects/go-react-auth/client/src/config/api.ts": {"path":"C:/projects/go-react-auth/client/src/config/api.ts","statementMap":{},"fnMap":{},"branchMap":{},"s":{},"f":{},"b":{}}
,"C:/projects/go-react-auth/client/src/config/endpoints.ts": {"path":"C:/projects/go-react-auth/client/src/config/endpoints.ts","statementMap":{},"fnMap":{},"branchMap":{},"s":{},"f":{},"b":{}}
,"C:/projects/go-react-auth/client/src/config/renewToken.ts": {"path":"C:/projects/go-react-auth/client/src/config/renewToken.ts","statementMap":{},"fnMap":{},"branchMap":{},"s":{},"f":{},"b":{}}
,"C:/projects/go-react-auth/client/src/helper/handleError.ts": {"path":"C:/projects/go-react-auth/client/src/helper/handleError.ts","statementMap":{},"fnMap":{},"branchMap":{},"s":{},"f":{},"b":{}}
,"C:/projects/go-react-auth/client/src/helper/httpErrorMessage.ts": {"path":"C:/projects/go-react-auth/client/src/helper/httpErrorMessage.ts","statementMap":{},"fnMap":{},"branchMap":{},"s":{},"f":{},"b":{}}
,"C:/projects/go-react-auth/client/src/hooks/auth/useLogin.ts": {"path":"C:/projects/go-react-auth/client/src/hooks/auth/useLogin.ts","statementMap":{},"fnMap":{},"branchMap":{},"s":{},"f":{},"b":{}}
,"C:/projects/go-react-auth/client/src/hooks/auth/useLogout.ts": {"path":"C:/projects/go-react-auth/client/src/hooks/auth/useLogout.ts","statementMap":{},"fnMap":{},"branchMap":{},"s":{},"f":{},"b":{}}
,"C:/projects/go-react-auth/client/src/hooks/auth/useRegister.ts": {"path":"C:/projects/go-react-auth/client/src/hooks/auth/useRegister.ts","statementMap":{},"fnMap":{},"branchMap":{},"s":{},"f":{},"b":{}}
,"C:/projects/go-react-auth/client/src/layout/ProtectedRoute.tsx": {"path":"C:/projects/go-react-auth/client/src/layout/ProtectedRoute.tsx","statementMap":{},"fnMap":{},"branchMap":{},"s":{},"f":{},"b":{}}
,"C:/projects/go-react-auth/client/src/pages/auth/Auth.tsx": {"path":"C:/projects/go-react-auth/client/src/pages/auth/Auth.tsx","statementMap":{},"fnMap":{},"branchMap":{},"s":{},"f":{},"b":{}}
,"C:/projects/go-react-auth/client/src/pages/auth/components/LoginCard.tsx": {"path":"C:/projects/go-react-auth/client/src/pages/auth/components/LoginCard.tsx","statementMap":{},"fnMap":{},"branchMap":{},"s":{},"f":{},"b":{}}
,"C:/projects/go-react-auth/client/src/pages/auth/components/RegisterCard.tsx": {"path":"C:/projects/go-react-auth/client/src/pages/auth/components/RegisterCard.tsx","statementMap":{},"fnMap":{},"branchMap":{},"s":{},"f":{},"b":{}}
,"C:/projects/go-react-auth/client/src/pages/auth/components/RingScene.tsx": {"path":"C:/projects/go-react-auth/client/src/pages/auth/components/RingScene.tsx","statementMap":{},"fnMap":{},"branchMap":{},"s":{},"f":{},"b":{}}
,"C:/projects/go-react-auth/client/src/pages/home/Home.tsx": {"path":"C:/projects/go-react-auth/client/src/pages/home/Home.tsx","statementMap":{},"fnMap":{},"branchMap":{},"s":{},"f":{},"b":{}}
,"C:/projects/go-react-auth/client/src/routes/routes.tsx": {"path":"C:/projects/go-react-auth/client/src/routes/routes.tsx","statementMap":{},"fnMap":{},"branchMap":{},"s":{},"f":{},"b":{}}
,"C:/projects/go-react-auth/client/src/schemas/userSchema.ts": {"path":"C:/projects/go-react-auth/client/src/schemas/userSchema.ts","statementMap":{},"fnMap":{},"branchMap":{},"s":{},"f":{},"b":{}}
,"C:/projects/go-react-auth/client/src/stories/Button.stories.ts": {"path":"C:/projects/go-react-auth/client/src/stories/Button.stories.ts","statementMap":{},"fnMap":{},"branchMap":{},"s":{},"f":{},"b":{}}
,"C:/projects/go-react-auth/client/src/stories/Button.tsx": {"path":"C:/projects/go-react-auth/client/src/stories/Button.tsx","statementMap":{},"fnMap":{},"branchMap":{},"s":{},"f":{},"b":{}}
,"C:/projects/go-react-auth/client/src/stories/Header.stories.ts": {"path":"C:/projects/go-react-auth/client/src/stories/Header.stories.ts","statementMap":{},"fnMap":{},"branchMap":{},"s":{},"f":{},"b":{}}
,"C:/projects/go-react-auth/client/src/stories/Header.tsx": {"path":"C:/projects/go-react-auth/client/src/stories/Header.tsx","statementMap":{},"fnMap":{},"branchMap":{},"s":{},"f":{},"b":{}}
,"C:/projects/go-react-auth/client/src/stories/Page.stories.ts": {"path":"C:/projects/go-react-auth/client/src/stories/Page.stories.ts","statementMap":{},"fnMap":{},"branchMap":{},"s":{},"f":{},"b":{}}
,"C:/projects/go-react-auth/client/src/stories/Page.tsx": {"path":"C:/projects/go-react-auth/client/src/stories/Page.tsx","statementMap":{},"fnMap":{},"branchMap":{},"s":{},"f":{},"b":{}}
,"C:/projects/go-react-auth/client/src/types/enums.ts": {"path":"C:/projects/go-react-auth/client/src/types/enums.ts","statementMap":{},"fnMap":{},"branchMap":{},"s":{},"f":{},"b":{}}
,"C:/projects/go-react-auth/client/src/types/interfaces.ts": {"path":"C:/projects/go-react-auth/client/src/types/interfaces.ts","statementMap":{},"fnMap":{},"branchMap":{},"s":{},"f":{},"b":{}}
,"C:/projects/go-react-auth/client/src/types/types.ts": {"path":"C:/projects/go-react-auth/client/src/types/types.ts","statementMap":{"0":{"start":{"line":7,"column":12},"end":{"line":7,"column":null}}},"fnMap":{"0":{"name":"(anonymous_0)","decl":{"start":{"line":7,"column":12},"end":{"line":7,"column":null}},"loc":{"start":{"line":7,"column":12},"end":{"line":7,"column":null}}}},"branchMap":{"0":{"loc":{"start":{"line":7,"column":12},"end":{"line":7,"column":null}},"type":"binary-expr","locations":[{"start":{"line":7,"column":12},"end":{"line":7,"column":null}},{"start":{"line":7,"column":12},"end":{"line":7,"column":null}}]}},"s":{"0":5},"f":{"0":5},"b":{"0":[5,5]}}
}
