{"C:/projects/go-react-auth/client/src/App.tsx": {"path":"C:/projects/go-react-auth/client/src/App.tsx","statementMap":{},"fnMap":{},"branchMap":{},"s":{},"f":{},"b":{}}
,"C:/projects/go-react-auth/client/src/main.tsx": {"path":"C:/projects/go-react-auth/client/src/main.tsx","statementMap":{},"fnMap":{},"branchMap":{},"s":{},"f":{},"b":{}}
,"C:/projects/go-react-auth/client/src/components/Alert.stories.tsx": {"path":"C:/projects/go-react-auth/client/src/components/Alert.stories.tsx","statementMap":{},"fnMap":{},"branchMap":{},"s":{},"f":{},"b":{}}
,"C:/projects/go-react-auth/client/src/components/Alert.tsx": {"path":"C:/projects/go-react-auth/client/src/components/Alert.tsx","statementMap":{},"fnMap":{},"branchMap":{},"s":{},"f":{},"b":{}}
,"C:/projects/go-react-auth/client/src/components/Button.stories.tsx": {"path":"C:/projects/go-react-auth/client/src/components/Button.stories.tsx","statementMap":{},"fnMap":{},"branchMap":{},"s":{},"f":{},"b":{}}
,"C:/projects/go-react-auth/client/src/components/Button.tsx": {"path":"C:/projects/go-react-auth/client/src/components/Button.tsx","statementMap":{"0":{"start":{"line":11,"column":15},"end":{"line":33,"column":null}},"1":{"start":{"line":13,"column":44},"end":{"line":13,"column":null}}},"fnMap":{"0":{"name":"(anonymous_0)","decl":{"start":{"line":12,"column":2},"end":{"line":12,"column":3}},"loc":{"start":{"line":12,"column":57},"end":{"line":33,"column":null}}}},"branchMap":{"0":{"loc":{"start":{"line":13,"column":44},"end":{"line":13,"column":null}},"type":"binary-expr","locations":[{"start":{"line":13,"column":44},"end":{"line":13,"column":56}},{"start":{"line":13,"column":56},"end":{"line":13,"column":null}}]},"1":{"loc":{"start":{"line":20,"column":115},"end":{"line":20,"column":212}},"type":"cond-expr","locations":[{"start":{"line":20,"column":128},"end":{"line":20,"column":183}},{"start":{"line":20,"column":183},"end":{"line":20,"column":212}}]},"2":{"loc":{"start":{"line":24,"column":10},"end":{"line":29,"column":11}},"type":"cond-expr","locations":[{"start":{"line":24,"column":10},"end":{"line":29,"column":11}}]}},"s":{"0":4,"1":9},"f":{"0":9},"b":{"0":[9,6],"1":[5,4],"2":[2]}}
,"C:/projects/go-react-auth/client/src/components/InputText.stories.tsx": {"path":"C:/projects/go-react-auth/client/src/components/InputText.stories.tsx","statementMap":{},"fnMap":{},"branchMap":{},"s":{},"f":{},"b":{}}
,"C:/projects/go-react-auth/client/src/components/InputText.tsx": {"path":"C:/projects/go-react-auth/client/src/components/InputText.tsx","statementMap":{},"fnMap":{},"branchMap":{},"s":{},"f":{},"b":{}}
,"C:/projects/go-react-auth/client/src/config/api.ts": {"path":"C:/projects/go-react-auth/client/src/config/api.ts","statementMap":{},"fnMap":{},"branchMap":{},"s":{},"f":{},"b":{}}
,"C:/projects/go-react-auth/client/src/config/endpoints.ts": {"path":"C:/projects/go-react-auth/client/src/config/endpoints.ts","statementMap":{},"fnMap":{},"branchMap":{},"s":{},"f":{},"b":{}}
,"C:/projects/go-react-auth/client/src/config/renewToken.ts": {"path":"C:/projects/go-react-auth/client/src/config/renewToken.ts","statementMap":{},"fnMap":{},"branchMap":{},"s":{},"f":{},"b":{}}
,"C:/projects/go-react-auth/client/src/helper/handleError.ts": {"path":"C:/projects/go-react-auth/client/src/helper/handleError.ts","statementMap":{},"fnMap":{},"branchMap":{},"s":{},"f":{},"b":{}}
,"C:/projects/go-react-auth/client/src/helper/httpErrorMessage.ts": {"path":"C:/projects/go-react-auth/client/src/helper/httpErrorMessage.ts","statementMap":{},"fnMap":{},"branchMap":{},"s":{},"f":{},"b":{}}
,"C:/projects/go-react-auth/client/src/hooks/auth/useLogin.ts": {"path":"C:/projects/go-react-auth/client/src/hooks/auth/useLogin.ts","statementMap":{},"fnMap":{},"branchMap":{},"s":{},"f":{},"b":{}}
,"C:/projects/go-react-auth/client/src/hooks/auth/useLogout.ts": {"path":"C:/projects/go-react-auth/client/src/hooks/auth/useLogout.ts","statementMap":{},"fnMap":{},"branchMap":{},"s":{},"f":{},"b":{}}
,"C:/projects/go-react-auth/client/src/hooks/auth/useRegister.ts": {"path":"C:/projects/go-react-auth/client/src/hooks/auth/useRegister.ts","statementMap":{},"fnMap":{},"branchMap":{},"s":{},"f":{},"b":{}}
,"C:/projects/go-react-auth/client/src/layout/ProtectedRoute.tsx": {"path":"C:/projects/go-react-auth/client/src/layout/ProtectedRoute.tsx","statementMap":{},"fnMap":{},"branchMap":{},"s":{},"f":{},"b":{}}
,"C:/projects/go-react-auth/client/src/pages/auth/Auth.tsx": {"path":"C:/projects/go-react-auth/client/src/pages/auth/Auth.tsx","statementMap":{},"fnMap":{},"branchMap":{},"s":{},"f":{},"b":{}}
,"C:/projects/go-react-auth/client/src/pages/auth/components/LoginCard.tsx": {"path":"C:/projects/go-react-auth/client/src/pages/auth/components/LoginCard.tsx","statementMap":{},"fnMap":{},"branchMap":{},"s":{},"f":{},"b":{}}
,"C:/projects/go-react-auth/client/src/pages/auth/components/RegisterCard.tsx": {"path":"C:/projects/go-react-auth/client/src/pages/auth/components/RegisterCard.tsx","statementMap":{},"fnMap":{},"branchMap":{},"s":{},"f":{},"b":{}}
,"C:/projects/go-react-auth/client/src/pages/auth/components/RingScene.tsx": {"path":"C:/projects/go-react-auth/client/src/pages/auth/components/RingScene.tsx","statementMap":{},"fnMap":{},"branchMap":{},"s":{},"f":{},"b":{}}
,"C:/projects/go-react-auth/client/src/pages/home/Home.tsx": {"path":"C:/projects/go-react-auth/client/src/pages/home/Home.tsx","statementMap":{},"fnMap":{},"branchMap":{},"s":{},"f":{},"b":{}}
,"C:/projects/go-react-auth/client/src/routes/routes.tsx": {"path":"C:/projects/go-react-auth/client/src/routes/routes.tsx","statementMap":{},"fnMap":{},"branchMap":{},"s":{},"f":{},"b":{}}
,"C:/projects/go-react-auth/client/src/schemas/userSchema.ts": {"path":"C:/projects/go-react-auth/client/src/schemas/userSchema.ts","statementMap":{},"fnMap":{},"branchMap":{},"s":{},"f":{},"b":{}}
,"C:/projects/go-react-auth/client/src/stories/Button.stories.ts": {"path":"C:/projects/go-react-auth/client/src/stories/Button.stories.ts","statementMap":{},"fnMap":{},"branchMap":{},"s":{},"f":{},"b":{}}
,"C:/projects/go-react-auth/client/src/stories/Button.tsx": {"path":"C:/projects/go-react-auth/client/src/stories/Button.tsx","statementMap":{},"fnMap":{},"branchMap":{},"s":{},"f":{},"b":{}}
,"C:/projects/go-react-auth/client/src/stories/Header.stories.ts": {"path":"C:/projects/go-react-auth/client/src/stories/Header.stories.ts","statementMap":{},"fnMap":{},"branchMap":{},"s":{},"f":{},"b":{}}
,"C:/projects/go-react-auth/client/src/stories/Header.tsx": {"path":"C:/projects/go-react-auth/client/src/stories/Header.tsx","statementMap":{},"fnMap":{},"branchMap":{},"s":{},"f":{},"b":{}}
,"C:/projects/go-react-auth/client/src/stories/Page.stories.ts": {"path":"C:/projects/go-react-auth/client/src/stories/Page.stories.ts","statementMap":{},"fnMap":{},"branchMap":{},"s":{},"f":{},"b":{}}
,"C:/projects/go-react-auth/client/src/stories/Page.tsx": {"path":"C:/projects/go-react-auth/client/src/stories/Page.tsx","statementMap":{},"fnMap":{},"branchMap":{},"s":{},"f":{},"b":{}}
,"C:/projects/go-react-auth/client/src/types/enums.ts": {"path":"C:/projects/go-react-auth/client/src/types/enums.ts","statementMap":{},"fnMap":{},"branchMap":{},"s":{},"f":{},"b":{}}
,"C:/projects/go-react-auth/client/src/types/interfaces.ts": {"path":"C:/projects/go-react-auth/client/src/types/interfaces.ts","statementMap":{},"fnMap":{},"branchMap":{},"s":{},"f":{},"b":{}}
,"C:/projects/go-react-auth/client/src/types/types.ts": {"path":"C:/projects/go-react-auth/client/src/types/types.ts","statementMap":{},"fnMap":{},"branchMap":{},"s":{},"f":{},"b":{}}
}
